<?xml version="1.0" encoding="UTF-8"?><testsuite errors="0" failures="1" name="Testing different request on the swagger application" skipped="0" tests="1" time="5.83" timestamp="2022-06-19T16:40:06.732+01:00[Europe/London]"><testcase name="Check if the swagger application can be accessed by users"><failure message="1 expectation failed.&#10;Expected status code &lt;204&gt; but was &lt;404&gt;.&#10;" type="java.lang.AssertionError">1 expectation failed.
Expected status code &lt;204&gt; but was &lt;404&gt;.
</failure><system-err>1 expectation failed.
Expected status code &lt;204&gt; but was &lt;404&gt;.
&#13;
io.restassured.internal.ResponseSpecificationImpl.validateResponseIfRequired(ResponseSpecificationImpl.groovy:636)&#13;
io.restassured.internal.ResponseSpecificationImpl.statusCode(ResponseSpecificationImpl.groovy:122)&#13;
io.restassured.internal.ResponseSpecificationImpl.statusCode(ResponseSpecificationImpl.groovy:130)&#13;
io.restassured.internal.ValidatableResponseOptionsImpl.statusCode(ValidatableResponseOptionsImpl.java:117)&#13;
com.localhost.swagger.cucumber.steps.ProductStepDef.userMustGetBackAValidStatusCode(ProductStepDef.java:40)&#13;
✽.Then User must get back a valid status code 204(product.feature:18)&#13;
</system-err></testcase></testsuite>