<?xml version="1.0" encoding="UTF-8"?><testsuite errors="1" failures="0" name="Testing different request on the swagger application" skipped="0" tests="4" time="4.93" timestamp="2022-06-19T17:37:45.484+01:00[Europe/London]"><testcase name="Check if the category can be accessed by users"/><testcase name="Check if the category tab can be created by users"/><testcase name="Check if the category can be updated by users"/><testcase name="Check if the category can be deleted by users"><error message="Arity mismatch: Step Definition 'com.localhost.swagger.cucumber.steps.CategoryStepDef.userShouldVerifyThatCategoryIsDeletedWith() in file:/C:/Users/mihir/IdeaProjects/bestbuyapi-swagger-serenity-week-20/target/test-classes/' with pattern [^User should verify that category is deleted with (\d+)$] is declared with 0 parameters. However, the gherkin step has 1 arguments [404]. &#10;Step: And User should verify that category is deleted with 404" type="cucumber.runtime.CucumberException">Arity mismatch: Step Definition 'com.localhost.swagger.cucumber.steps.CategoryStepDef.userShouldVerifyThatCategoryIsDeletedWith() in file:/C:/Users/mihir/IdeaProjects/bestbuyapi-swagger-serenity-week-20/target/test-classes/' with pattern [^User should verify that category is deleted with (\d+)$] is declared with 0 parameters. However, the gherkin step has 1 arguments [404]. 
Step: And User should verify that category is deleted with 404</error><system-err>Arity mismatch: Step Definition 'com.localhost.swagger.cucumber.steps.CategoryStepDef.userShouldVerifyThatCategoryIsDeletedWith() in file:/C:/Users/mihir/IdeaProjects/bestbuyapi-swagger-serenity-week-20/target/test-classes/' with pattern [^User should verify that category is deleted with (\d+)$] is declared with 0 parameters. However, the gherkin step has 1 arguments [404]. 
Step: And User should verify that category is deleted with 404&#13;
</system-err></testcase></testsuite>