<?xml version="1.0" encoding="UTF-8"?><testsuite errors="0" failures="1" name="Testing Product on the swagger application" skipped="0" tests="1" time="2.86" timestamp="2022-06-20T23:56:20.695+01:00[Europe/London]"><testcase name="Check if the Product can be accessed by users"><failure message="1 expectation failed.&#10;JSON path data.name doesn't match.&#10;Expected: a collection containing &quot;Roseville&quot;&#10;  Actual: [Duracell - AAA Batteries (4-Pack), Duracell - AA 1.5V CopperTop Batteries (4-Pack), Duracell - AA Batteries (8-Pack), Energizer - MAX Batteries AA (4-Pack), Duracell - C Batteries (4-Pack), Duracell - D Batteries (4-Pack), Pioneer - 4&quot; 3-Way Surface-Mount Speakers with IMPP Composite Cones (Pair) - Black, Duracell - 9V Batteries (2-Pack), Energizer - N Cell E90 Batteries (2-Pack), Metra - Radio Installation Dash Kit for Most 1989-2000 Ford, Lincoln &amp; Mercury Vehicles - Black]&#10;" type="java.lang.AssertionError">1 expectation failed.
JSON path data.name doesn't match.
Expected: a collection containing "Roseville"
  Actual: [Duracell - AAA Batteries (4-Pack), Duracell - AA 1.5V CopperTop Batteries (4-Pack), Duracell - AA Batteries (8-Pack), Energizer - MAX Batteries AA (4-Pack), Duracell - C Batteries (4-Pack), Duracell - D Batteries (4-Pack), Pioneer - 4" 3-Way Surface-Mount Speakers with IMPP Composite Cones (Pair) - Black, Duracell - 9V Batteries (2-Pack), Energizer - N Cell E90 Batteries (2-Pack), Metra - Radio Installation Dash Kit for Most 1989-2000 Ford, Lincoln &amp; Mercury Vehicles - Black]
</failure><system-err>1 expectation failed.
JSON path data.name doesn't match.
Expected: a collection containing "Roseville"
  Actual: [Duracell - AAA Batteries (4-Pack), Duracell - AA 1.5V CopperTop Batteries (4-Pack), Duracell - AA Batteries (8-Pack), Energizer - MAX Batteries AA (4-Pack), Duracell - C Batteries (4-Pack), Duracell - D Batteries (4-Pack), Pioneer - 4" 3-Way Surface-Mount Speakers with IMPP Composite Cones (Pair) - Black, Duracell - 9V Batteries (2-Pack), Energizer - N Cell E90 Batteries (2-Pack), Metra - Radio Installation Dash Kit for Most 1989-2000 Ford, Lincoln &amp; Mercury Vehicles - Black]
&#13;
io.restassured.internal.ResponseSpecificationImpl.validateResponseIfRequired(ResponseSpecificationImpl.groovy:636)&#13;
io.restassured.internal.ResponseSpecificationImpl.content(ResponseSpecificationImpl.groovy:265)&#13;
io.restassured.internal.ResponseSpecificationImpl.body(ResponseSpecificationImpl.groovy:248)&#13;
io.restassured.internal.ValidatableResponseOptionsImpl.body(ValidatableResponseOptionsImpl.java:268)&#13;
com.localhost.swagger.cucumber.steps.ProductStepDef.checkTheSingleNameInTheArrayListInverGroveHeights(ProductStepDef.java:105)&#13;
✽.And Check the single Name in the Array list (Inver Grove Heights)(product.feature:28)&#13;
</system-err></testcase></testsuite>